2021-03-04 16:52:01,860 - octoprint.server.heartbeat - INFO - Server heartbeat <3
2021-03-04 16:52:01,865 - octoprint.server - INFO - --- Log roll over detected ---------------------------------------------------
2021-03-04 16:52:01,866 - octoprint.server - INFO - OctoPrint 1.5.3
2021-03-04 16:52:01,873 - octoprint.plugin.core - INFO - 36 plugin(s) registered with the system:
|  Action Command Notification Support (bundled) = /home/pi/OctoPrint/venv/lib/python2.7/site-packages/octoprint/plugins/action_command_notification
|  Action Command Prompt Support (bundled) = /home/pi/OctoPrint/venv/lib/python2.7/site-packages/octoprint/plugins/action_command_prompt
|  Announcement Plugin (bundled) = /home/pi/OctoPrint/venv/lib/python2.7/site-packages/octoprint/plugins/announcements
|  Anonymous Usage Tracking (bundled) = /home/pi/OctoPrint/venv/lib/python2.7/site-packages/octoprint/plugins/tracking
|  Application Keys Plugin (bundled) = /home/pi/OctoPrint/venv/lib/python2.7/site-packages/octoprint/plugins/appkeys
|  Arc-Welder (1.0.0+u.bb71e8f) = /home/pi/OctoPrint/venv/local/lib/python2.7/site-packages/octoprint_arc_welder
|  Autoscroll (0.0.3) = /home/pi/OctoPrint/venv/local/lib/python2.7/site-packages/octoprint_autoscroll
|  Backup & Restore (bundled) = /home/pi/OctoPrint/venv/lib/python2.7/site-packages/octoprint/plugins/backup
|  Bed Visualizer (1.0.0) = /home/pi/OctoPrint/venv/local/lib/python2.7/site-packages/octoprint_bedlevelvisualizer
|  Consolidate Temp Control (0.1.8) = /home/pi/OctoPrint/venv/local/lib/python2.7/site-packages/octoprint_consolidate_temp_control
|  Core Wizard (bundled) = /home/pi/OctoPrint/venv/lib/python2.7/site-packages/octoprint/plugins/corewizard
|  Cura Thumbnails (0.2.2) = /home/pi/OctoPrint/venv/local/lib/python2.7/site-packages/octoprint_ultimakerformatpackage
|  Discovery (bundled) = /home/pi/OctoPrint/venv/lib/python2.7/site-packages/octoprint/plugins/discovery
|  DisplayLayerProgress Plugin (1.25.4) = /home/pi/OctoPrint/venv/local/lib/python2.7/site-packages/octoprint_DisplayLayerProgress
|  Error Tracking (bundled) = /home/pi/OctoPrint/venv/lib/python2.7/site-packages/octoprint/plugins/errortracking
|  File Check (2020.8.7) (bundled) = /home/pi/OctoPrint/venv/local/lib/python2.7/site-packages/octoprint_file_check
|  Firmware Check (2021.2.4) (bundled) = /home/pi/OctoPrint/venv/local/lib/python2.7/site-packages/octoprint_firmware_check
|  GCode Viewer (bundled) = /home/pi/OctoPrint/venv/lib/python2.7/site-packages/octoprint/plugins/gcodeviewer
|  GcodeEditor (0.2.10) = /home/pi/OctoPrint/venv/local/lib/python2.7/site-packages/octoprint_GcodeEditor
|  Logging (bundled) = /home/pi/OctoPrint/venv/lib/python2.7/site-packages/octoprint/plugins/logging
|  M73 Progress Plugin (0.2.1) = /home/pi/OctoPrint/venv/local/lib/python2.7/site-packages/octoprint_m73progress
|  OctoKlipper (0.3.2) = /home/pi/OctoPrint/venv/local/lib/python2.7/site-packages/octoprint_klipper
|  Pi Support Plugin (bundled) = /home/pi/OctoPrint/venv/lib/python2.7/site-packages/octoprint/plugins/pi_support
|  Plugin Manager (bundled) = /home/pi/OctoPrint/venv/lib/python2.7/site-packages/octoprint/plugins/pluginmanager
|  Preheat Button (0.5.1) = /home/pi/OctoPrint/venv/local/lib/python2.7/site-packages/octoprint_preheat
|  PrintJobHistory (1.10.0) = /home/pi/OctoPrint/venv/local/lib/python2.7/site-packages/octoprint_PrintJobHistory
|  PrintTimeGenius Plugin (2.2.7) = /home/pi/OctoPrint/venv/local/lib/python2.7/site-packages/octoprint_PrintTimeGenius
|  PrusaSlicer Thumbnails (0.1.4) = /home/pi/OctoPrint/venv/local/lib/python2.7/site-packages/octoprint_prusaslicerthumbnails
|  Software Update (bundled) = /home/pi/OctoPrint/venv/lib/python2.7/site-packages/octoprint/plugins/softwareupdate
|  SpoolManager Plugin (1.3.3) = /home/pi/OctoPrint/venv/local/lib/python2.7/site-packages/octoprint_SpoolManager
|  Telegram Notifications (1.6.3) = /home/pi/OctoPrint/venv/local/lib/python2.7/site-packages/octoprint_telegram
|  Terminal Messaging (0.1.0) = /home/pi/OctoPrint/venv/local/lib/python2.7/site-packages/octoprint_terminalmessaging
|  Themeify (1.2.2) = /home/pi/OctoPrint/venv/local/lib/python2.7/site-packages/octoprint_themeify
|  Top Temp (0.0.0.5) = /home/pi/OctoPrint/venv/local/lib/python2.7/site-packages/octoprint_toptemp
|  TouchUI (0.3.17) = /home/pi/OctoPrint/venv/local/lib/python2.7/site-packages/octoprint_touchui
|  Virtual Printer (bundled) = /home/pi/OctoPrint/venv/lib/python2.7/site-packages/octoprint/plugins/virtual_printer
Prefix legend: ! = disabled, # = blacklisted, * = incompatible
2021-03-04 16:52:01,890 - octoprint.environment - INFO - Detected environment is Python 2.7.16 under Linux (linux2). Details:
|  hardware:
|      cores: 4
|      freq: 1500.0
|      ram: 4041732096
|  os:
|      bits: 32
|      id: linux
|      platform: linux2
|  plugins:
|      pi_support:
|          model: Raspberry Pi 4 Model B Rev 1.2
|          octopi_version: 0.17.0
|          throttle_state: '0x0'
|  python:
|      pip: 20.3.1
|      version: 2.7.16
|      virtualenv: /home/pi/OctoPrint/venv
2021-03-04 16:52:01,890 - octoprint.server - INFO - ------------------------------------------------------------------------------
2021-03-04 16:52:05,940 - octoprint.plugins.telegram.listener - ERROR - Setting status: Telegram API responded with code 409. Waiting 2 minutes before trying again.
2021-03-04 16:56:06,738 - octoprint.plugins.telegram.listener - ERROR - Setting status: Telegram API responded with code 409. Waiting 2 minutes before trying again.
2021-03-04 17:00:07,542 - octoprint.plugins.telegram.listener - ERROR - Setting status: Telegram API responded with code 409. Waiting 2 minutes before trying again.
2021-03-04 17:04:08,462 - octoprint.plugins.telegram.listener - ERROR - Setting status: Telegram API responded with code 409. Waiting 2 minutes before trying again.
2021-03-04 17:07:01,863 - octoprint.server.heartbeat - INFO - Server heartbeat <3
2021-03-04 17:08:09,272 - octoprint.plugins.telegram.listener - ERROR - Setting status: Telegram API responded with code 409. Waiting 2 minutes before trying again.
2021-03-04 17:12:10,101 - octoprint.plugins.telegram.listener - ERROR - Setting status: Telegram API responded with code 409. Waiting 2 minutes before trying again.
2021-03-04 17:16:10,955 - octoprint.plugins.telegram.listener - ERROR - Setting status: Telegram API responded with code 409. Waiting 2 minutes before trying again.
2021-03-04 17:20:11,864 - octoprint.plugins.telegram.listener - ERROR - Setting status: Telegram API responded with code 409. Waiting 2 minutes before trying again.
2021-03-04 17:22:01,867 - octoprint.server.heartbeat - INFO - Server heartbeat <3
2021-03-04 17:24:12,734 - octoprint.plugins.telegram.listener - ERROR - Setting status: Telegram API responded with code 409. Waiting 2 minutes before trying again.
2021-03-04 17:28:13,546 - octoprint.plugins.telegram.listener - ERROR - Setting status: Telegram API responded with code 409. Waiting 2 minutes before trying again.
2021-03-04 17:32:14,537 - octoprint.plugins.telegram.listener - ERROR - Setting status: Telegram API responded with code 409. Waiting 2 minutes before trying again.
2021-03-04 17:36:15,364 - octoprint.plugins.telegram.listener - ERROR - Setting status: Telegram API responded with code 409. Waiting 2 minutes before trying again.
2021-03-04 17:37:01,869 - octoprint.server.heartbeat - INFO - Server heartbeat <3
2021-03-04 17:40:16,235 - octoprint.plugins.telegram.listener - ERROR - Setting status: Telegram API responded with code 409. Waiting 2 minutes before trying again.
2021-03-04 17:44:17,051 - octoprint.plugins.telegram.listener - ERROR - Setting status: Telegram API responded with code 409. Waiting 2 minutes before trying again.
2021-03-04 17:48:17,871 - octoprint.plugins.telegram.listener - ERROR - Setting status: Telegram API responded with code 409. Waiting 2 minutes before trying again.
2021-03-04 17:52:01,871 - octoprint.server.heartbeat - INFO - Server heartbeat <3
2021-03-04 17:52:19,008 - octoprint.plugins.telegram.listener - ERROR - Setting status: Telegram API responded with code 409. Waiting 2 minutes before trying again.
2021-03-04 17:56:20,103 - octoprint.plugins.telegram.listener - ERROR - Setting status: Telegram API responded with code 409. Waiting 2 minutes before trying again.
2021-03-04 18:00:21,156 - octoprint.plugins.telegram.listener - ERROR - Setting status: Telegram API responded with code 409. Waiting 2 minutes before trying again.
2021-03-04 18:04:22,148 - octoprint.plugins.telegram.listener - ERROR - Setting status: Telegram API responded with code 409. Waiting 2 minutes before trying again.
2021-03-04 18:07:01,873 - octoprint.server.heartbeat - INFO - Server heartbeat <3
2021-03-04 18:08:23,027 - octoprint.plugins.telegram.listener - ERROR - Setting status: Telegram API responded with code 409. Waiting 2 minutes before trying again.
2021-03-04 18:12:23,973 - octoprint.plugins.telegram.listener - ERROR - Setting status: Telegram API responded with code 409. Waiting 2 minutes before trying again.
2021-03-04 18:16:24,952 - octoprint.plugins.telegram.listener - ERROR - Setting status: Telegram API responded with code 409. Waiting 2 minutes before trying again.
2021-03-04 18:20:25,777 - octoprint.plugins.telegram.listener - ERROR - Setting status: Telegram API responded with code 409. Waiting 2 minutes before trying again.
2021-03-04 18:22:01,875 - octoprint.server.heartbeat - INFO - Server heartbeat <3
2021-03-04 18:24:26,903 - octoprint.plugins.telegram.listener - ERROR - Setting status: Telegram API responded with code 409. Waiting 2 minutes before trying again.
2021-03-04 18:28:28,131 - octoprint.plugins.telegram.listener - ERROR - Setting status: Telegram API responded with code 409. Waiting 2 minutes before trying again.
2021-03-04 18:32:29,147 - octoprint.plugins.telegram.listener - ERROR - Setting status: Telegram API responded with code 409. Waiting 2 minutes before trying again.
2021-03-04 18:36:30,085 - octoprint.plugins.telegram.listener - ERROR - Setting status: Telegram API responded with code 409. Waiting 2 minutes before trying again.
2021-03-04 18:37:01,879 - octoprint.server.heartbeat - INFO - Server heartbeat <3
2021-03-04 18:40:30,995 - octoprint.plugins.telegram.listener - ERROR - Setting status: Telegram API responded with code 409. Waiting 2 minutes before trying again.
2021-03-04 18:44:31,960 - octoprint.plugins.telegram.listener - ERROR - Setting status: Telegram API responded with code 409. Waiting 2 minutes before trying again.
2021-03-04 18:48:33,269 - octoprint.plugins.telegram.listener - ERROR - Setting status: Telegram API responded with code 409. Waiting 2 minutes before trying again.
2021-03-04 18:52:01,881 - octoprint.server.heartbeat - INFO - Server heartbeat <3
2021-03-04 18:52:34,201 - octoprint.plugins.telegram.listener - ERROR - Setting status: Telegram API responded with code 409. Waiting 2 minutes before trying again.
2021-03-04 18:56:35,170 - octoprint.plugins.telegram.listener - ERROR - Setting status: Telegram API responded with code 409. Waiting 2 minutes before trying again.
2021-03-04 19:00:35,978 - octoprint.plugins.telegram.listener - ERROR - Setting status: Telegram API responded with code 409. Waiting 2 minutes before trying again.
2021-03-04 19:04:36,933 - octoprint.plugins.telegram.listener - ERROR - Setting status: Telegram API responded with code 409. Waiting 2 minutes before trying again.
2021-03-04 19:07:01,883 - octoprint.server.heartbeat - INFO - Server heartbeat <3
2021-03-04 19:08:37,737 - octoprint.plugins.telegram.listener - ERROR - Setting status: Telegram API responded with code 409. Waiting 2 minutes before trying again.
2021-03-04 19:12:38,706 - octoprint.plugins.telegram.listener - ERROR - Setting status: Telegram API responded with code 409. Waiting 2 minutes before trying again.
2021-03-04 19:16:39,627 - octoprint.plugins.telegram.listener - ERROR - Setting status: Telegram API responded with code 409. Waiting 2 minutes before trying again.
2021-03-04 19:20:40,510 - octoprint.plugins.telegram.listener - ERROR - Setting status: Telegram API responded with code 409. Waiting 2 minutes before trying again.
2021-03-04 19:22:01,886 - octoprint.server.heartbeat - INFO - Server heartbeat <3
2021-03-04 19:24:41,442 - octoprint.plugins.telegram.listener - ERROR - Setting status: Telegram API responded with code 409. Waiting 2 minutes before trying again.
2021-03-04 19:28:42,487 - octoprint.plugins.telegram.listener - ERROR - Setting status: Telegram API responded with code 409. Waiting 2 minutes before trying again.
2021-03-04 19:30:34,223 - tornado.access - WARNING - 405 POST / (192.168.0.6) 15.32ms
2021-03-04 19:30:34,249 - tornado.access - WARNING - 405 POST / (192.168.0.6) 12.11ms
2021-03-04 19:32:43,400 - octoprint.plugins.telegram.listener - ERROR - Setting status: Telegram API responded with code 409. Waiting 2 minutes before trying again.
2021-03-04 19:36:44,344 - octoprint.plugins.telegram.listener - ERROR - Setting status: Telegram API responded with code 409. Waiting 2 minutes before trying again.
2021-03-04 19:37:01,890 - octoprint.server.heartbeat - INFO - Server heartbeat <3
2021-03-04 19:40:45,221 - octoprint.plugins.telegram.listener - ERROR - Setting status: Telegram API responded with code 409. Waiting 2 minutes before trying again.
2021-03-04 19:44:46,085 - octoprint.plugins.telegram.listener - ERROR - Setting status: Telegram API responded with code 409. Waiting 2 minutes before trying again.
2021-03-04 19:48:46,935 - octoprint.plugins.telegram.listener - ERROR - Setting status: Telegram API responded with code 409. Waiting 2 minutes before trying again.
2021-03-04 19:52:01,893 - octoprint.server.heartbeat - INFO - Server heartbeat <3
2021-03-04 19:52:47,769 - octoprint.plugins.telegram.listener - ERROR - Setting status: Telegram API responded with code 409. Waiting 2 minutes before trying again.
2021-03-04 19:56:48,808 - octoprint.plugins.telegram.listener - ERROR - Setting status: Telegram API responded with code 409. Waiting 2 minutes before trying again.
2021-03-04 20:00:49,663 - octoprint.plugins.telegram.listener - ERROR - Setting status: Telegram API responded with code 409. Waiting 2 minutes before trying again.
2021-03-04 20:04:50,511 - octoprint.plugins.telegram.listener - ERROR - Setting status: Telegram API responded with code 409. Waiting 2 minutes before trying again.
2021-03-04 20:07:01,895 - octoprint.server.heartbeat - INFO - Server heartbeat <3
2021-03-04 20:08:51,337 - octoprint.plugins.telegram.listener - ERROR - Setting status: Telegram API responded with code 409. Waiting 2 minutes before trying again.
2021-03-04 20:12:52,220 - octoprint.plugins.telegram.listener - ERROR - Setting status: Telegram API responded with code 409. Waiting 2 minutes before trying again.
2021-03-04 20:16:53,077 - octoprint.plugins.telegram.listener - ERROR - Setting status: Telegram API responded with code 409. Waiting 2 minutes before trying again.
2021-03-04 20:20:54,125 - octoprint.plugins.telegram.listener - ERROR - Setting status: Telegram API responded with code 409. Waiting 2 minutes before trying again.
2021-03-04 20:22:01,897 - octoprint.server.heartbeat - INFO - Server heartbeat <3
2021-03-04 20:24:54,969 - octoprint.plugins.telegram.listener - ERROR - Setting status: Telegram API responded with code 409. Waiting 2 minutes before trying again.
2021-03-04 20:28:55,906 - octoprint.plugins.telegram.listener - ERROR - Setting status: Telegram API responded with code 409. Waiting 2 minutes before trying again.
2021-03-04 20:32:56,770 - octoprint.plugins.telegram.listener - ERROR - Setting status: Telegram API responded with code 409. Waiting 2 minutes before trying again.
2021-03-04 20:36:57,585 - octoprint.plugins.telegram.listener - ERROR - Setting status: Telegram API responded with code 409. Waiting 2 minutes before trying again.
2021-03-04 20:37:01,901 - octoprint.server.heartbeat - INFO - Server heartbeat <3
2021-03-04 20:40:58,621 - octoprint.plugins.telegram.listener - ERROR - Setting status: Telegram API responded with code 409. Waiting 2 minutes before trying again.
2021-03-04 20:44:59,425 - octoprint.plugins.telegram.listener - ERROR - Setting status: Telegram API responded with code 409. Waiting 2 minutes before trying again.
2021-03-04 20:49:00,312 - octoprint.plugins.telegram.listener - ERROR - Setting status: Telegram API responded with code 409. Waiting 2 minutes before trying again.
2021-03-04 20:52:01,903 - octoprint.server.heartbeat - INFO - Server heartbeat <3
2021-03-04 20:53:01,261 - octoprint.plugins.telegram.listener - ERROR - Setting status: Telegram API responded with code 409. Waiting 2 minutes before trying again.
2021-03-04 20:57:02,121 - octoprint.plugins.telegram.listener - ERROR - Setting status: Telegram API responded with code 409. Waiting 2 minutes before trying again.
2021-03-04 21:01:02,820 - octoprint.plugins.telegram.listener - ERROR - Setting status: Telegram API responded with code 409. Waiting 2 minutes before trying again.
2021-03-04 21:05:03,688 - octoprint.plugins.telegram.listener - ERROR - Setting status: Telegram API responded with code 409. Waiting 2 minutes before trying again.
2021-03-04 21:07:01,906 - octoprint.server.heartbeat - INFO - Server heartbeat <3
2021-03-04 21:09:04,669 - octoprint.plugins.telegram.listener - ERROR - Setting status: Telegram API responded with code 409. Waiting 2 minutes before trying again.
2021-03-04 21:13:05,577 - octoprint.plugins.telegram.listener - ERROR - Setting status: Telegram API responded with code 409. Waiting 2 minutes before trying again.
2021-03-04 21:17:06,475 - octoprint.plugins.telegram.listener - ERROR - Setting status: Telegram API responded with code 409. Waiting 2 minutes before trying again.
2021-03-04 21:21:07,426 - octoprint.plugins.telegram.listener - ERROR - Setting status: Telegram API responded with code 409. Waiting 2 minutes before trying again.
2021-03-04 21:22:01,910 - octoprint.server.heartbeat - INFO - Server heartbeat <3
2021-03-04 21:25:08,298 - octoprint.plugins.telegram.listener - ERROR - Setting status: Telegram API responded with code 409. Waiting 2 minutes before trying again.
2021-03-04 21:29:09,120 - octoprint.plugins.telegram.listener - ERROR - Setting status: Telegram API responded with code 409. Waiting 2 minutes before trying again.
2021-03-04 21:33:10,106 - octoprint.plugins.telegram.listener - ERROR - Setting status: Telegram API responded with code 409. Waiting 2 minutes before trying again.
2021-03-04 21:37:01,912 - octoprint.server.heartbeat - INFO - Server heartbeat <3
2021-03-04 21:37:11,024 - octoprint.plugins.telegram.listener - ERROR - Setting status: Telegram API responded with code 409. Waiting 2 minutes before trying again.
2021-03-04 21:41:11,905 - octoprint.plugins.telegram.listener - ERROR - Setting status: Telegram API responded with code 409. Waiting 2 minutes before trying again.
2021-03-04 21:45:12,648 - octoprint.plugins.telegram.listener - ERROR - Setting status: Telegram API responded with code 409. Waiting 2 minutes before trying again.
2021-03-04 21:49:13,559 - octoprint.plugins.telegram.listener - ERROR - Setting status: Telegram API responded with code 409. Waiting 2 minutes before trying again.
2021-03-04 21:52:01,915 - octoprint.server.heartbeat - INFO - Server heartbeat <3
2021-03-04 21:53:14,546 - octoprint.plugins.telegram.listener - ERROR - Setting status: Telegram API responded with code 409. Waiting 2 minutes before trying again.
2021-03-04 21:57:15,724 - octoprint.plugins.telegram.listener - ERROR - Setting status: Telegram API responded with code 409. Waiting 2 minutes before trying again.
2021-03-04 22:01:16,619 - octoprint.plugins.telegram.listener - ERROR - Setting status: Telegram API responded with code 409. Waiting 2 minutes before trying again.
2021-03-04 22:05:17,384 - octoprint.plugins.telegram.listener - ERROR - Setting status: Telegram API responded with code 409. Waiting 2 minutes before trying again.
2021-03-04 22:07:01,917 - octoprint.server.heartbeat - INFO - Server heartbeat <3
2021-03-04 22:09:18,219 - octoprint.plugins.telegram.listener - ERROR - Setting status: Telegram API responded with code 409. Waiting 2 minutes before trying again.
2021-03-04 22:13:19,215 - octoprint.plugins.telegram.listener - ERROR - Setting status: Telegram API responded with code 409. Waiting 2 minutes before trying again.
2021-03-04 22:17:20,209 - octoprint.plugins.telegram.listener - ERROR - Setting status: Telegram API responded with code 409. Waiting 2 minutes before trying again.
2021-03-04 22:21:21,045 - octoprint.plugins.telegram.listener - ERROR - Setting status: Telegram API responded with code 409. Waiting 2 minutes before trying again.
2021-03-04 22:22:01,920 - octoprint.server.heartbeat - INFO - Server heartbeat <3
2021-03-04 22:25:21,933 - octoprint.plugins.telegram.listener - ERROR - Setting status: Telegram API responded with code 409. Waiting 2 minutes before trying again.
2021-03-04 22:29:22,864 - octoprint.plugins.telegram.listener - ERROR - Setting status: Telegram API responded with code 409. Waiting 2 minutes before trying again.
2021-03-04 22:33:23,736 - octoprint.plugins.telegram.listener - ERROR - Setting status: Telegram API responded with code 409. Waiting 2 minutes before trying again.
2021-03-04 22:37:01,922 - octoprint.server.heartbeat - INFO - Server heartbeat <3
2021-03-04 22:37:24,980 - octoprint.plugins.telegram.listener - ERROR - Setting status: Telegram API responded with code 409. Waiting 2 minutes before trying again.
2021-03-04 22:41:25,805 - octoprint.plugins.telegram.listener - ERROR - Setting status: Telegram API responded with code 409. Waiting 2 minutes before trying again.
2021-03-04 22:45:26,663 - octoprint.plugins.telegram.listener - ERROR - Setting status: Telegram API responded with code 409. Waiting 2 minutes before trying again.
2021-03-04 22:49:27,538 - octoprint.plugins.telegram.listener - ERROR - Setting status: Telegram API responded with code 409. Waiting 2 minutes before trying again.
2021-03-04 22:52:01,925 - octoprint.server.heartbeat - INFO - Server heartbeat <3
2021-03-04 22:53:28,392 - octoprint.plugins.telegram.listener - ERROR - Setting status: Telegram API responded with code 409. Waiting 2 minutes before trying again.
2021-03-04 22:57:29,306 - octoprint.plugins.telegram.listener - ERROR - Setting status: Telegram API responded with code 409. Waiting 2 minutes before trying again.
2021-03-04 23:01:30,155 - octoprint.plugins.telegram.listener - ERROR - Setting status: Telegram API responded with code 409. Waiting 2 minutes before trying again.
2021-03-04 23:05:31,193 - octoprint.plugins.telegram.listener - ERROR - Setting status: Telegram API responded with code 409. Waiting 2 minutes before trying again.
2021-03-04 23:07:01,928 - octoprint.server.heartbeat - INFO - Server heartbeat <3
2021-03-04 23:09:32,055 - octoprint.plugins.telegram.listener - ERROR - Setting status: Telegram API responded with code 409. Waiting 2 minutes before trying again.
2021-03-04 23:13:32,919 - octoprint.plugins.telegram.listener - ERROR - Setting status: Telegram API responded with code 409. Waiting 2 minutes before trying again.
2021-03-04 23:17:33,765 - octoprint.plugins.telegram.listener - ERROR - Setting status: Telegram API responded with code 409. Waiting 2 minutes before trying again.
2021-03-04 23:21:34,564 - octoprint.plugins.telegram.listener - ERROR - Setting status: Telegram API responded with code 409. Waiting 2 minutes before trying again.
2021-03-04 23:22:01,932 - octoprint.server.heartbeat - INFO - Server heartbeat <3
2021-03-04 23:25:35,462 - octoprint.plugins.telegram.listener - ERROR - Setting status: Telegram API responded with code 409. Waiting 2 minutes before trying again.
2021-03-04 23:29:36,303 - octoprint.plugins.telegram.listener - ERROR - Setting status: Telegram API responded with code 409. Waiting 2 minutes before trying again.
2021-03-04 23:33:37,185 - octoprint.plugins.telegram.listener - ERROR - Setting status: Telegram API responded with code 409. Waiting 2 minutes before trying again.
2021-03-04 23:37:01,935 - octoprint.server.heartbeat - INFO - Server heartbeat <3
2021-03-04 23:37:37,950 - octoprint.plugins.telegram.listener - ERROR - Setting status: Telegram API responded with code 409. Waiting 2 minutes before trying again.
2021-03-04 23:41:38,707 - octoprint.plugins.telegram.listener - ERROR - Setting status: Telegram API responded with code 409. Waiting 2 minutes before trying again.
2021-03-04 23:45:39,572 - octoprint.plugins.telegram.listener - ERROR - Setting status: Telegram API responded with code 409. Waiting 2 minutes before trying again.
2021-03-04 23:51:42,179 - octoprint.plugins.telegram.listener - ERROR - Setting status: Telegram API responded with code 409. Waiting 2 minutes before trying again.
2021-03-04 23:52:01,937 - octoprint.server.heartbeat - INFO - Server heartbeat <3
2021-03-04 23:55:43,023 - octoprint.plugins.telegram.listener - ERROR - Setting status: Telegram API responded with code 409. Waiting 2 minutes before trying again.
2021-03-04 23:59:44,055 - octoprint.plugins.telegram.listener - ERROR - Setting status: Telegram API responded with code 409. Waiting 2 minutes before trying again.
2021-03-05 00:03:45,021 - octoprint.plugins.telegram.listener - ERROR - Setting status: Telegram API responded with code 409. Waiting 2 minutes before trying again.
2021-03-05 00:07:01,939 - octoprint.server.heartbeat - INFO - Server heartbeat <3
2021-03-05 00:07:45,979 - octoprint.plugins.telegram.listener - ERROR - Setting status: Telegram API responded with code 409. Waiting 2 minutes before trying again.
2021-03-05 00:11:46,831 - octoprint.plugins.telegram.listener - ERROR - Setting status: Telegram API responded with code 409. Waiting 2 minutes before trying again.
2021-03-05 00:15:47,678 - octoprint.plugins.telegram.listener - ERROR - Setting status: Telegram API responded with code 409. Waiting 2 minutes before trying again.
2021-03-05 00:19:53,674 - octoprint.plugins.telegram.listener - ERROR - Setting status: Telegram API responded with code 409. Waiting 2 minutes before trying again.
2021-03-05 00:22:01,941 - octoprint.server.heartbeat - INFO - Server heartbeat <3
2021-03-05 00:23:54,602 - octoprint.plugins.telegram.listener - ERROR - Setting status: Telegram API responded with code 409. Waiting 2 minutes before trying again.
2021-03-05 00:27:55,639 - octoprint.plugins.telegram.listener - ERROR - Setting status: Telegram API responded with code 409. Waiting 2 minutes before trying again.
2021-03-05 00:31:56,708 - octoprint.plugins.telegram.listener - ERROR - Setting status: Telegram API responded with code 409. Waiting 2 minutes before trying again.
2021-03-05 00:35:57,635 - octoprint.plugins.telegram.listener - ERROR - Setting status: Telegram API responded with code 409. Waiting 2 minutes before trying again.
2021-03-05 00:37:01,943 - octoprint.server.heartbeat - INFO - Server heartbeat <3
2021-03-05 00:39:58,622 - octoprint.plugins.telegram.listener - ERROR - Setting status: Telegram API responded with code 409. Waiting 2 minutes before trying again.
2021-03-05 00:43:59,611 - octoprint.plugins.telegram.listener - ERROR - Setting status: Telegram API responded with code 409. Waiting 2 minutes before trying again.
2021-03-05 00:48:00,685 - octoprint.plugins.telegram.listener - ERROR - Setting status: Telegram API responded with code 409. Waiting 2 minutes before trying again.
2021-03-05 00:52:01,607 - octoprint.plugins.telegram.listener - ERROR - Setting status: Telegram API responded with code 409. Waiting 2 minutes before trying again.
2021-03-05 00:52:01,945 - octoprint.server.heartbeat - INFO - Server heartbeat <3
2021-03-05 00:56:02,552 - octoprint.plugins.telegram.listener - ERROR - Setting status: Telegram API responded with code 409. Waiting 2 minutes before trying again.
2021-03-05 01:00:03,420 - octoprint.plugins.telegram.listener - ERROR - Setting status: Telegram API responded with code 409. Waiting 2 minutes before trying again.
2021-03-05 01:04:04,297 - octoprint.plugins.telegram.listener - ERROR - Setting status: Telegram API responded with code 409. Waiting 2 minutes before trying again.
2021-03-05 01:07:01,947 - octoprint.server.heartbeat - INFO - Server heartbeat <3
2021-03-05 01:08:05,315 - octoprint.plugins.telegram.listener - ERROR - Setting status: Telegram API responded with code 409. Waiting 2 minutes before trying again.
2021-03-05 01:12:06,224 - octoprint.plugins.telegram.listener - ERROR - Setting status: Telegram API responded with code 409. Waiting 2 minutes before trying again.
2021-03-05 01:16:07,052 - octoprint.plugins.telegram.listener - ERROR - Setting status: Telegram API responded with code 409. Waiting 2 minutes before trying again.
2021-03-05 01:20:07,948 - octoprint.plugins.telegram.listener - ERROR - Setting status: Telegram API responded with code 409. Waiting 2 minutes before trying again.
2021-03-05 01:22:01,951 - octoprint.server.heartbeat - INFO - Server heartbeat <3
2021-03-05 01:24:08,768 - octoprint.plugins.telegram.listener - ERROR - Setting status: Telegram API responded with code 409. Waiting 2 minutes before trying again.
2021-03-05 01:28:09,510 - octoprint.plugins.telegram.listener - ERROR - Setting status: Telegram API responded with code 409. Waiting 2 minutes before trying again.
2021-03-05 01:32:10,490 - octoprint.plugins.telegram.listener - ERROR - Setting status: Telegram API responded with code 409. Waiting 2 minutes before trying again.
2021-03-05 01:36:11,397 - octoprint.plugins.telegram.listener - ERROR - Setting status: Telegram API responded with code 409. Waiting 2 minutes before trying again.
2021-03-05 01:37:01,953 - octoprint.server.heartbeat - INFO - Server heartbeat <3
2021-03-05 01:40:12,299 - octoprint.plugins.telegram.listener - ERROR - Setting status: Telegram API responded with code 409. Waiting 2 minutes before trying again.
2021-03-05 01:44:13,229 - octoprint.plugins.telegram.listener - ERROR - Setting status: Telegram API responded with code 409. Waiting 2 minutes before trying again.
2021-03-05 01:48:14,129 - octoprint.plugins.telegram.listener - ERROR - Setting status: Telegram API responded with code 409. Waiting 2 minutes before trying again.
2021-03-05 01:52:01,955 - octoprint.server.heartbeat - INFO - Server heartbeat <3
2021-03-05 01:52:15,055 - octoprint.plugins.telegram.listener - ERROR - Setting status: Telegram API responded with code 409. Waiting 2 minutes before trying again.
2021-03-05 01:56:15,978 - octoprint.plugins.telegram.listener - ERROR - Setting status: Telegram API responded with code 409. Waiting 2 minutes before trying again.
2021-03-05 02:00:16,892 - octoprint.plugins.telegram.listener - ERROR - Setting status: Telegram API responded with code 409. Waiting 2 minutes before trying again.
2021-03-05 02:04:17,741 - octoprint.plugins.telegram.listener - ERROR - Setting status: Telegram API responded with code 409. Waiting 2 minutes before trying again.
2021-03-05 02:07:01,958 - octoprint.server.heartbeat - INFO - Server heartbeat <3
2021-03-05 02:08:18,655 - octoprint.plugins.telegram.listener - ERROR - Setting status: Telegram API responded with code 409. Waiting 2 minutes before trying again.
2021-03-05 02:12:19,489 - octoprint.plugins.telegram.listener - ERROR - Setting status: Telegram API responded with code 409. Waiting 2 minutes before trying again.
2021-03-05 02:16:20,564 - octoprint.plugins.telegram.listener - ERROR - Setting status: Telegram API responded with code 409. Waiting 2 minutes before trying again.
2021-03-05 02:20:21,528 - octoprint.plugins.telegram.listener - ERROR - Setting status: Telegram API responded with code 409. Waiting 2 minutes before trying again.
2021-03-05 02:22:01,961 - octoprint.server.heartbeat - INFO - Server heartbeat <3
2021-03-05 02:24:22,685 - octoprint.plugins.telegram.listener - ERROR - Setting status: Telegram API responded with code 409. Waiting 2 minutes before trying again.
2021-03-05 02:28:23,652 - octoprint.plugins.telegram.listener - ERROR - Setting status: Telegram API responded with code 409. Waiting 2 minutes before trying again.
2021-03-05 02:32:24,498 - octoprint.plugins.telegram.listener - ERROR - Setting status: Telegram API responded with code 409. Waiting 2 minutes before trying again.
2021-03-05 02:36:25,356 - octoprint.plugins.telegram.listener - ERROR - Setting status: Telegram API responded with code 409. Waiting 2 minutes before trying again.
2021-03-05 02:37:01,964 - octoprint.server.heartbeat - INFO - Server heartbeat <3
2021-03-05 02:40:26,194 - octoprint.plugins.telegram.listener - ERROR - Setting status: Telegram API responded with code 409. Waiting 2 minutes before trying again.
2021-03-05 02:44:26,974 - octoprint.plugins.telegram.listener - ERROR - Setting status: Telegram API responded with code 409. Waiting 2 minutes before trying again.
2021-03-05 02:48:27,872 - octoprint.plugins.telegram.listener - ERROR - Setting status: Telegram API responded with code 409. Waiting 2 minutes before trying again.
2021-03-05 02:52:01,966 - octoprint.server.heartbeat - INFO - Server heartbeat <3
2021-03-05 02:52:28,661 - octoprint.plugins.telegram.listener - ERROR - Setting status: Telegram API responded with code 409. Waiting 2 minutes before trying again.
2021-03-05 02:56:29,462 - octoprint.plugins.telegram.listener - ERROR - Setting status: Telegram API responded with code 409. Waiting 2 minutes before trying again.
2021-03-05 03:00:30,327 - octoprint.plugins.telegram.listener - ERROR - Setting status: Telegram API responded with code 409. Waiting 2 minutes before trying again.
2021-03-05 03:04:31,173 - octoprint.plugins.telegram.listener - ERROR - Setting status: Telegram API responded with code 409. Waiting 2 minutes before trying again.
2021-03-05 03:07:01,968 - octoprint.server.heartbeat - INFO - Server heartbeat <3
2021-03-05 03:08:32,029 - octoprint.plugins.telegram.listener - ERROR - Setting status: Telegram API responded with code 409. Waiting 2 minutes before trying again.
2021-03-05 03:12:32,770 - octoprint.plugins.telegram.listener - ERROR - Setting status: Telegram API responded with code 409. Waiting 2 minutes before trying again.
2021-03-05 03:16:34,695 - octoprint.plugins.telegram.listener - ERROR - Setting status: Telegram API responded with code 409. Waiting 2 minutes before trying again.
2021-03-05 03:20:35,649 - octoprint.plugins.telegram.listener - ERROR - Setting status: Telegram API responded with code 409. Waiting 2 minutes before trying again.
2021-03-05 03:22:01,969 - octoprint.server.heartbeat - INFO - Server heartbeat <3
2021-03-05 03:24:36,747 - octoprint.plugins.telegram.listener - ERROR - Setting status: Telegram API responded with code 409. Waiting 2 minutes before trying again.
2021-03-05 03:28:37,696 - octoprint.plugins.telegram.listener - ERROR - Setting status: Telegram API responded with code 409. Waiting 2 minutes before trying again.
2021-03-05 03:32:38,611 - octoprint.plugins.telegram.listener - ERROR - Setting status: Telegram API responded with code 409. Waiting 2 minutes before trying again.
2021-03-05 03:36:39,427 - octoprint.plugins.telegram.listener - ERROR - Setting status: Telegram API responded with code 409. Waiting 2 minutes before trying again.
2021-03-05 03:37:01,972 - octoprint.server.heartbeat - INFO - Server heartbeat <3
2021-03-05 03:40:40,331 - octoprint.plugins.telegram.listener - ERROR - Setting status: Telegram API responded with code 409. Waiting 2 minutes before trying again.
2021-03-05 03:44:41,090 - octoprint.plugins.telegram.listener - ERROR - Setting status: Telegram API responded with code 409. Waiting 2 minutes before trying again.
2021-03-05 03:48:41,838 - octoprint.plugins.telegram.listener - ERROR - Setting status: Telegram API responded with code 409. Waiting 2 minutes before trying again.
2021-03-05 03:52:01,975 - octoprint.server.heartbeat - INFO - Server heartbeat <3
2021-03-05 03:52:42,557 - octoprint.plugins.telegram.listener - ERROR - Setting status: Telegram API responded with code 409. Waiting 2 minutes before trying again.
2021-03-05 03:56:43,514 - octoprint.plugins.telegram.listener - ERROR - Setting status: Telegram API responded with code 409. Waiting 2 minutes before trying again.
2021-03-05 04:00:44,362 - octoprint.plugins.telegram.listener - ERROR - Setting status: Telegram API responded with code 409. Waiting 2 minutes before trying again.
2021-03-05 04:04:45,321 - octoprint.plugins.telegram.listener - ERROR - Setting status: Telegram API responded with code 409. Waiting 2 minutes before trying again.
2021-03-05 04:07:01,978 - octoprint.server.heartbeat - INFO - Server heartbeat <3
2021-03-05 04:08:46,184 - octoprint.plugins.telegram.listener - ERROR - Setting status: Telegram API responded with code 409. Waiting 2 minutes before trying again.
2021-03-05 04:12:47,079 - octoprint.plugins.telegram.listener - ERROR - Setting status: Telegram API responded with code 409. Waiting 2 minutes before trying again.
2021-03-05 04:16:47,951 - octoprint.plugins.telegram.listener - ERROR - Setting status: Telegram API responded with code 409. Waiting 2 minutes before trying again.
2021-03-05 04:20:48,996 - octoprint.plugins.telegram.listener - ERROR - Setting status: Telegram API responded with code 409. Waiting 2 minutes before trying again.
2021-03-05 04:22:01,981 - octoprint.server.heartbeat - INFO - Server heartbeat <3
2021-03-05 04:24:49,841 - octoprint.plugins.telegram.listener - ERROR - Setting status: Telegram API responded with code 409. Waiting 2 minutes before trying again.
2021-03-05 04:28:50,811 - octoprint.plugins.telegram.listener - ERROR - Setting status: Telegram API responded with code 409. Waiting 2 minutes before trying again.
2021-03-05 04:32:51,844 - octoprint.plugins.telegram.listener - ERROR - Setting status: Telegram API responded with code 409. Waiting 2 minutes before trying again.
2021-03-05 04:36:52,676 - octoprint.plugins.telegram.listener - ERROR - Setting status: Telegram API responded with code 409. Waiting 2 minutes before trying again.
2021-03-05 04:37:01,983 - octoprint.server.heartbeat - INFO - Server heartbeat <3
2021-03-05 04:40:53,481 - octoprint.plugins.telegram.listener - ERROR - Setting status: Telegram API responded with code 409. Waiting 2 minutes before trying again.
2021-03-05 04:44:54,445 - octoprint.plugins.telegram.listener - ERROR - Setting status: Telegram API responded with code 409. Waiting 2 minutes before trying again.
2021-03-05 04:48:55,342 - octoprint.plugins.telegram.listener - ERROR - Setting status: Telegram API responded with code 409. Waiting 2 minutes before trying again.
2021-03-05 04:52:01,986 - octoprint.server.heartbeat - INFO - Server heartbeat <3
2021-03-05 04:52:56,296 - octoprint.plugins.telegram.listener - ERROR - Setting status: Telegram API responded with code 409. Waiting 2 minutes before trying again.
2021-03-05 04:56:57,252 - octoprint.plugins.telegram.listener - ERROR - Setting status: Telegram API responded with code 409. Waiting 2 minutes before trying again.
2021-03-05 05:00:58,194 - octoprint.plugins.telegram.listener - ERROR - Setting status: Telegram API responded with code 409. Waiting 2 minutes before trying again.
2021-03-05 05:04:59,048 - octoprint.plugins.telegram.listener - ERROR - Setting status: Telegram API responded with code 409. Waiting 2 minutes before trying again.
2021-03-05 05:07:01,988 - octoprint.server.heartbeat - INFO - Server heartbeat <3
2021-03-05 05:08:59,965 - octoprint.plugins.telegram.listener - ERROR - Setting status: Telegram API responded with code 409. Waiting 2 minutes before trying again.
2021-03-05 05:13:00,791 - octoprint.plugins.telegram.listener - ERROR - Setting status: Telegram API responded with code 409. Waiting 2 minutes before trying again.
2021-03-05 05:17:01,600 - octoprint.plugins.telegram.listener - ERROR - Setting status: Telegram API responded with code 409. Waiting 2 minutes before trying again.
2021-03-05 05:21:02,500 - octoprint.plugins.telegram.listener - ERROR - Setting status: Telegram API responded with code 409. Waiting 2 minutes before trying again.
2021-03-05 05:22:01,991 - octoprint.server.heartbeat - INFO - Server heartbeat <3
2021-03-05 05:25:03,535 - octoprint.plugins.telegram.listener - ERROR - Setting status: Telegram API responded with code 409. Waiting 2 minutes before trying again.
2021-03-05 05:29:04,519 - octoprint.plugins.telegram.listener - ERROR - Setting status: Telegram API responded with code 409. Waiting 2 minutes before trying again.
2021-03-05 05:33:05,429 - octoprint.plugins.telegram.listener - ERROR - Setting status: Telegram API responded with code 409. Waiting 2 minutes before trying again.
2021-03-05 05:37:01,994 - octoprint.server.heartbeat - INFO - Server heartbeat <3
2021-03-05 05:37:06,241 - octoprint.plugins.telegram.listener - ERROR - Setting status: Telegram API responded with code 409. Waiting 2 minutes before trying again.
2021-03-05 05:41:07,410 - octoprint.plugins.telegram.listener - ERROR - Setting status: Telegram API responded with code 409. Waiting 2 minutes before trying again.
2021-03-05 05:45:08,260 - octoprint.plugins.telegram.listener - ERROR - Setting status: Telegram API responded with code 409. Waiting 2 minutes before trying again.
2021-03-05 05:49:09,186 - octoprint.plugins.telegram.listener - ERROR - Setting status: Telegram API responded with code 409. Waiting 2 minutes before trying again.
2021-03-05 05:52:01,997 - octoprint.server.heartbeat - INFO - Server heartbeat <3
2021-03-05 05:53:10,267 - octoprint.plugins.telegram.listener - ERROR - Setting status: Telegram API responded with code 409. Waiting 2 minutes before trying again.
2021-03-05 05:57:11,165 - octoprint.plugins.telegram.listener - ERROR - Setting status: Telegram API responded with code 409. Waiting 2 minutes before trying again.
2021-03-05 06:01:12,085 - octoprint.plugins.telegram.listener - ERROR - Setting status: Telegram API responded with code 409. Waiting 2 minutes before trying again.
2021-03-05 06:05:12,887 - octoprint.plugins.telegram.listener - ERROR - Setting status: Telegram API responded with code 409. Waiting 2 minutes before trying again.
2021-03-05 06:07:01,999 - octoprint.server.heartbeat - INFO - Server heartbeat <3
2021-03-05 06:09:13,944 - octoprint.plugins.telegram.listener - ERROR - Setting status: Telegram API responded with code 409. Waiting 2 minutes before trying again.
2021-03-05 06:13:14,989 - octoprint.plugins.telegram.listener - ERROR - Setting status: Telegram API responded with code 409. Waiting 2 minutes before trying again.
2021-03-05 06:17:15,952 - octoprint.plugins.telegram.listener - ERROR - Setting status: Telegram API responded with code 409. Waiting 2 minutes before trying again.
2021-03-05 06:21:16,942 - octoprint.plugins.telegram.listener - ERROR - Setting status: Telegram API responded with code 409. Waiting 2 minutes before trying again.
2021-03-05 06:22:02,002 - octoprint.server.heartbeat - INFO - Server heartbeat <3
2021-03-05 06:25:17,771 - octoprint.plugins.telegram.listener - ERROR - Setting status: Telegram API responded with code 409. Waiting 2 minutes before trying again.
2021-03-05 06:29:18,707 - octoprint.plugins.telegram.listener - ERROR - Setting status: Telegram API responded with code 409. Waiting 2 minutes before trying again.
2021-03-05 06:33:19,612 - octoprint.plugins.telegram.listener - ERROR - Setting status: Telegram API responded with code 409. Waiting 2 minutes before trying again.
2021-03-05 06:37:02,006 - octoprint.server.heartbeat - INFO - Server heartbeat <3
2021-03-05 06:37:20,494 - octoprint.plugins.telegram.listener - ERROR - Setting status: Telegram API responded with code 409. Waiting 2 minutes before trying again.
2021-03-05 06:41:21,290 - octoprint.plugins.telegram.listener - ERROR - Setting status: Telegram API responded with code 409. Waiting 2 minutes before trying again.
2021-03-05 06:45:22,156 - octoprint.plugins.telegram.listener - ERROR - Setting status: Telegram API responded with code 409. Waiting 2 minutes before trying again.
2021-03-05 06:49:23,037 - octoprint.plugins.telegram.listener - ERROR - Setting status: Telegram API responded with code 409. Waiting 2 minutes before trying again.
2021-03-05 06:52:02,009 - octoprint.server.heartbeat - INFO - Server heartbeat <3
2021-03-05 06:53:23,872 - octoprint.plugins.telegram.listener - ERROR - Setting status: Telegram API responded with code 409. Waiting 2 minutes before trying again.
2021-03-05 06:57:24,739 - octoprint.plugins.telegram.listener - ERROR - Setting status: Telegram API responded with code 409. Waiting 2 minutes before trying again.
2021-03-05 07:01:25,567 - octoprint.plugins.telegram.listener - ERROR - Setting status: Telegram API responded with code 409. Waiting 2 minutes before trying again.
2021-03-05 07:05:26,419 - octoprint.plugins.telegram.listener - ERROR - Setting status: Telegram API responded with code 409. Waiting 2 minutes before trying again.
2021-03-05 07:07:02,011 - octoprint.server.heartbeat - INFO - Server heartbeat <3
2021-03-05 07:09:27,283 - octoprint.plugins.telegram.listener - ERROR - Setting status: Telegram API responded with code 409. Waiting 2 minutes before trying again.
2021-03-05 07:13:28,000 - octoprint.plugins.telegram.listener - ERROR - Setting status: Telegram API responded with code 409. Waiting 2 minutes before trying again.
2021-03-05 07:17:28,915 - octoprint.plugins.telegram.listener - ERROR - Setting status: Telegram API responded with code 409. Waiting 2 minutes before trying again.
2021-03-05 07:21:29,757 - octoprint.plugins.telegram.listener - ERROR - Setting status: Telegram API responded with code 409. Waiting 2 minutes before trying again.
2021-03-05 07:22:02,014 - octoprint.server.heartbeat - INFO - Server heartbeat <3
2021-03-05 07:25:30,573 - octoprint.plugins.telegram.listener - ERROR - Setting status: Telegram API responded with code 409. Waiting 2 minutes before trying again.
2021-03-05 07:29:31,398 - octoprint.plugins.telegram.listener - ERROR - Setting status: Telegram API responded with code 409. Waiting 2 minutes before trying again.
2021-03-05 07:33:32,352 - octoprint.plugins.telegram.listener - ERROR - Setting status: Telegram API responded with code 409. Waiting 2 minutes before trying again.
2021-03-05 07:37:02,017 - octoprint.server.heartbeat - INFO - Server heartbeat <3
2021-03-05 07:37:33,131 - octoprint.plugins.telegram.listener - ERROR - Setting status: Telegram API responded with code 409. Waiting 2 minutes before trying again.
2021-03-05 07:41:34,100 - octoprint.plugins.telegram.listener - ERROR - Setting status: Telegram API responded with code 409. Waiting 2 minutes before trying again.
2021-03-05 07:45:35,159 - octoprint.plugins.telegram.listener - ERROR - Setting status: Telegram API responded with code 409. Waiting 2 minutes before trying again.
2021-03-05 07:49:36,101 - octoprint.plugins.telegram.listener - ERROR - Setting status: Telegram API responded with code 409. Waiting 2 minutes before trying again.
2021-03-05 07:52:02,020 - octoprint.server.heartbeat - INFO - Server heartbeat <3
2021-03-05 07:53:37,250 - octoprint.plugins.telegram.listener - ERROR - Setting status: Telegram API responded with code 409. Waiting 2 minutes before trying again.
2021-03-05 07:57:38,106 - octoprint.plugins.telegram.listener - ERROR - Setting status: Telegram API responded with code 409. Waiting 2 minutes before trying again.
2021-03-05 08:01:38,904 - octoprint.plugins.telegram.listener - ERROR - Setting status: Telegram API responded with code 409. Waiting 2 minutes before trying again.
2021-03-05 08:05:39,908 - octoprint.plugins.telegram.listener - ERROR - Setting status: Telegram API responded with code 409. Waiting 2 minutes before trying again.
2021-03-05 08:07:02,024 - octoprint.server.heartbeat - INFO - Server heartbeat <3
2021-03-05 08:09:41,726 - octoprint.plugins.telegram.listener - ERROR - Setting status: Telegram API responded with code 409. Waiting 2 minutes before trying again.
2021-03-05 08:13:42,687 - octoprint.plugins.telegram.listener - ERROR - Setting status: Telegram API responded with code 409. Waiting 2 minutes before trying again.
2021-03-05 08:17:43,597 - octoprint.plugins.telegram.listener - ERROR - Setting status: Telegram API responded with code 409. Waiting 2 minutes before trying again.
2021-03-05 08:21:44,487 - octoprint.plugins.telegram.listener - ERROR - Setting status: Telegram API responded with code 409. Waiting 2 minutes before trying again.
2021-03-05 08:22:02,028 - octoprint.server.heartbeat - INFO - Server heartbeat <3
2021-03-05 08:25:45,578 - octoprint.plugins.telegram.listener - ERROR - Setting status: Telegram API responded with code 409. Waiting 2 minutes before trying again.
2021-03-05 08:29:46,410 - octoprint.plugins.telegram.listener - ERROR - Setting status: Telegram API responded with code 409. Waiting 2 minutes before trying again.
2021-03-05 08:33:47,332 - octoprint.plugins.telegram.listener - ERROR - Setting status: Telegram API responded with code 409. Waiting 2 minutes before trying again.
2021-03-05 08:37:02,030 - octoprint.server.heartbeat - INFO - Server heartbeat <3
2021-03-05 08:37:48,175 - octoprint.plugins.telegram.listener - ERROR - Setting status: Telegram API responded with code 409. Waiting 2 minutes before trying again.
2021-03-05 08:41:48,960 - octoprint.plugins.telegram.listener - ERROR - Setting status: Telegram API responded with code 409. Waiting 2 minutes before trying again.
2021-03-05 08:45:49,809 - octoprint.plugins.telegram.listener - ERROR - Setting status: Telegram API responded with code 409. Waiting 2 minutes before trying again.
2021-03-05 08:49:50,737 - octoprint.plugins.telegram.listener - ERROR - Setting status: Telegram API responded with code 409. Waiting 2 minutes before trying again.
2021-03-05 08:52:02,032 - octoprint.server.heartbeat - INFO - Server heartbeat <3
2021-03-05 08:53:51,592 - octoprint.plugins.telegram.listener - ERROR - Setting status: Telegram API responded with code 409. Waiting 2 minutes before trying again.
2021-03-05 08:57:52,362 - octoprint.plugins.telegram.listener - ERROR - Setting status: Telegram API responded with code 409. Waiting 2 minutes before trying again.
2021-03-05 09:01:53,278 - octoprint.plugins.telegram.listener - ERROR - Setting status: Telegram API responded with code 409. Waiting 2 minutes before trying again.
2021-03-05 09:05:54,463 - octoprint.plugins.telegram.listener - ERROR - Setting status: Telegram API responded with code 409. Waiting 2 minutes before trying again.
2021-03-05 09:07:02,034 - octoprint.server.heartbeat - INFO - Server heartbeat <3
2021-03-05 09:09:55,337 - octoprint.plugins.telegram.listener - ERROR - Setting status: Telegram API responded with code 409. Waiting 2 minutes before trying again.
2021-03-05 09:13:56,240 - octoprint.plugins.telegram.listener - ERROR - Setting status: Telegram API responded with code 409. Waiting 2 minutes before trying again.
2021-03-05 09:17:57,339 - octoprint.plugins.telegram.listener - ERROR - Setting status: Telegram API responded with code 409. Waiting 2 minutes before trying again.
2021-03-05 09:21:59,124 - octoprint.plugins.telegram.listener - ERROR - Setting status: Telegram API responded with code 409. Waiting 2 minutes before trying again.
2021-03-05 09:22:02,036 - octoprint.server.heartbeat - INFO - Server heartbeat <3
2021-03-05 09:26:00,010 - octoprint.plugins.telegram.listener - ERROR - Setting status: Telegram API responded with code 409. Waiting 2 minutes before trying again.
2021-03-05 09:30:00,918 - octoprint.plugins.telegram.listener - ERROR - Setting status: Telegram API responded with code 409. Waiting 2 minutes before trying again.
2021-03-05 09:34:01,718 - octoprint.plugins.telegram.listener - ERROR - Setting status: Telegram API responded with code 409. Waiting 2 minutes before trying again.
2021-03-05 09:37:02,038 - octoprint.server.heartbeat - INFO - Server heartbeat <3
2021-03-05 09:38:02,549 - octoprint.plugins.telegram.listener - ERROR - Setting status: Telegram API responded with code 409. Waiting 2 minutes before trying again.
2021-03-05 09:42:03,601 - octoprint.plugins.telegram.listener - ERROR - Setting status: Telegram API responded with code 409. Waiting 2 minutes before trying again.
2021-03-05 09:46:04,595 - octoprint.plugins.telegram.listener - ERROR - Setting status: Telegram API responded with code 409. Waiting 2 minutes before trying again.
