2021-02-08 13:37:16,639   /home/pi/OctoPrint/venv/bin/python2 -m pip --disable-pip-version-check install file:///tmp/tmpxGmWMv/master.zip --no-cache-dir
2021-02-08 13:37:18,671 > Looking in indexes: https://pypi.org/simple, https://www.piwheels.org/simple
2021-02-08 13:37:18,671 > Processing /tmp/tmpxGmWMv/master.zip
2021-02-08 13:37:21,236 > Requirement already satisfied: six in /home/pi/OctoPrint/venv/lib/python2.7/site-packages (from Arc-Welder==1.0.0+u.bb71e8f) (1.15.0)
2021-02-08 13:37:21,236 > Requirement already satisfied: OctoPrint>1.3.8 in /home/pi/OctoPrint/venv/lib/python2.7/site-packages (from Arc-Welder==1.0.0+u.bb71e8f) (1.5.3)
2021-02-08 13:37:21,236 > Requirement already satisfied: setuptools>=6.0 in /home/pi/OctoPrint/venv/lib/python2.7/site-packages (from Arc-Welder==1.0.0+u.bb71e8f) (44.1.1)
2021-02-08 13:37:21,237 > Requirement already satisfied: OctoPrint-FileCheck>=2020.08.07 in /home/pi/OctoPrint/venv/lib/python2.7/site-packages (from OctoPrint>1.3.8->Arc-Welder==1.0.0+u.bb71e8f) (2020.8.7)
2021-02-08 13:37:21,238 > Requirement already satisfied: futures<4,>=3.3; python_version < "3" in /home/pi/OctoPrint/venv/lib/python2.7/site-packages (from OctoPrint>1.3.8->Arc-Welder==1.0.0+u.bb71e8f) (3.3.0)
2021-02-08 13:37:21,238 > Requirement already satisfied: semantic-version<3,>=2.8.5 in /home/pi/OctoPrint/venv/lib/python2.7/site-packages (from OctoPrint>1.3.8->Arc-Welder==1.0.0+u.bb71e8f) (2.8.5)
2021-02-08 13:37:21,238 > Requirement already satisfied: itsdangerous<2,>=1.1.0 in /home/pi/OctoPrint/venv/lib/python2.7/site-packages (from OctoPrint>1.3.8->Arc-Welder==1.0.0+u.bb71e8f) (1.1.0)
2021-02-08 13:37:21,238 > Requirement already satisfied: future<1,>=0.18.2 in /home/pi/OctoPrint/venv/lib/python2.7/site-packages (from OctoPrint>1.3.8->Arc-Welder==1.0.0+u.bb71e8f) (0.18.2)
2021-02-08 13:37:21,239 > Requirement already satisfied: blinker<2,>=1.4 in /home/pi/OctoPrint/venv/lib/python2.7/site-packages (from OctoPrint>1.3.8->Arc-Welder==1.0.0+u.bb71e8f) (1.4)
2021-02-08 13:37:21,239 > Requirement already satisfied: unidecode<0.05,>=0.04.14 in /home/pi/OctoPrint/venv/lib/python2.7/site-packages (from OctoPrint>1.3.8->Arc-Welder==1.0.0+u.bb71e8f) (0.4.21)
2021-02-08 13:37:21,239 > Requirement already satisfied: werkzeug<2,>=1.0.1 in /home/pi/OctoPrint/venv/lib/python2.7/site-packages (from OctoPrint>1.3.8->Arc-Welder==1.0.0+u.bb71e8f) (1.0.1)
2021-02-08 13:37:21,239 > Requirement already satisfied: Flask-Assets<3,>=2.0 in /home/pi/OctoPrint/venv/lib/python2.7/site-packages (from OctoPrint>1.3.8->Arc-Welder==1.0.0+u.bb71e8f) (2.0)
2021-02-08 13:37:21,239 > Requirement already satisfied: PyYAML<6,>=5.3.1 in /home/pi/OctoPrint/venv/lib/python2.7/site-packages (from OctoPrint>1.3.8->Arc-Welder==1.0.0+u.bb71e8f) (5.3.1)
2021-02-08 13:37:21,239 > Requirement already satisfied: pylru<2,>=1.2 in /home/pi/OctoPrint/venv/lib/python2.7/site-packages (from OctoPrint>1.3.8->Arc-Welder==1.0.0+u.bb71e8f) (1.2.0)
2021-02-08 13:37:21,240 > Requirement already satisfied: pyserial<4,>=3.4 in /home/pi/OctoPrint/venv/lib/python2.7/site-packages (from OctoPrint>1.3.8->Arc-Welder==1.0.0+u.bb71e8f) (3.5)
2021-02-08 13:37:21,240 > Requirement already satisfied: pkginfo<2,>=1.5.0.1 in /home/pi/OctoPrint/venv/lib/python2.7/site-packages (from OctoPrint>1.3.8->Arc-Welder==1.0.0+u.bb71e8f) (1.6.1)
2021-02-08 13:37:21,240 > Requirement already satisfied: wrapt<2,>=1.12.1 in /home/pi/OctoPrint/venv/lib/python2.7/site-packages (from OctoPrint>1.3.8->Arc-Welder==1.0.0+u.bb71e8f) (1.12.1)
2021-02-08 13:37:21,240 > Requirement already satisfied: chainmap<2,>=1.0.3; python_version < "3" in /home/pi/OctoPrint/venv/lib/python2.7/site-packages (from OctoPrint>1.3.8->Arc-Welder==1.0.0+u.bb71e8f) (1.0.3)
2021-02-08 13:37:21,240 > Requirement already satisfied: Click<8,>=7.1.2 in /home/pi/OctoPrint/venv/lib/python2.7/site-packages (from OctoPrint>1.3.8->Arc-Welder==1.0.0+u.bb71e8f) (7.1.2)
2021-02-08 13:37:21,240 > Requirement already satisfied: markupsafe<2.0,>=1.1 in /home/pi/OctoPrint/venv/lib/python2.7/site-packages (from OctoPrint>1.3.8->Arc-Welder==1.0.0+u.bb71e8f) (1.1.1)
2021-02-08 13:37:21,241 > Requirement already satisfied: markdown<3.2,>=3.1 in /home/pi/OctoPrint/venv/lib/python2.7/site-packages (from OctoPrint>1.3.8->Arc-Welder==1.0.0+u.bb71e8f) (3.1.1)
2021-02-08 13:37:21,241 > Requirement already satisfied: netifaces<1,>=0.10.9 in /home/pi/OctoPrint/venv/lib/python2.7/site-packages (from OctoPrint>1.3.8->Arc-Welder==1.0.0+u.bb71e8f) (0.10.9)
2021-02-08 13:37:21,241 > Requirement already satisfied: scandir<2,>=1.10; python_version < "3" in /home/pi/OctoPrint/venv/lib/python2.7/site-packages (from OctoPrint>1.3.8->Arc-Welder==1.0.0+u.bb71e8f) (1.10.0)
2021-02-08 13:37:21,241 > Requirement already satisfied: rsa==4.0 in /home/pi/OctoPrint/venv/lib/python2.7/site-packages (from OctoPrint>1.3.8->Arc-Welder==1.0.0+u.bb71e8f) (4.0)
2021-02-08 13:37:21,241 > Requirement already satisfied: filetype<2,>=1.0.7 in /home/pi/OctoPrint/venv/lib/python2.7/site-packages (from OctoPrint>1.3.8->Arc-Welder==1.0.0+u.bb71e8f) (1.0.7)
2021-02-08 13:37:21,241 > Requirement already satisfied: tornado==5.1.1 in /home/pi/OctoPrint/venv/lib/python2.7/site-packages (from OctoPrint>1.3.8->Arc-Welder==1.0.0+u.bb71e8f) (5.1.1)
2021-02-08 13:37:21,242 > Requirement already satisfied: sarge==0.1.5post0 in /home/pi/OctoPrint/venv/lib/python2.7/site-packages (from OctoPrint>1.3.8->Arc-Welder==1.0.0+u.bb71e8f) (0.1.5.post0)
2021-02-08 13:37:21,242 > Requirement already satisfied: feedparser<6,>=5.2.1; python_version < "3" in /home/pi/OctoPrint/venv/lib/python2.7/site-packages (from OctoPrint>1.3.8->Arc-Welder==1.0.0+u.bb71e8f) (5.2.1)
2021-02-08 13:37:21,242 > Requirement already satisfied: cachelib<1,>=0.1 in /home/pi/OctoPrint/venv/lib/python2.7/site-packages (from OctoPrint>1.3.8->Arc-Welder==1.0.0+u.bb71e8f) (0.1.1)
2021-02-08 13:37:21,242 > Requirement already satisfied: OctoPrint-FirmwareCheck>=2020.09.23 in /home/pi/OctoPrint/venv/lib/python2.7/site-packages (from OctoPrint>1.3.8->Arc-Welder==1.0.0+u.bb71e8f) (2021.2.4)
2021-02-08 13:37:21,242 > Requirement already satisfied: typing<4,>=3.7.4.1; python_version < "3" in /home/pi/OctoPrint/venv/lib/python2.7/site-packages (from OctoPrint>1.3.8->Arc-Welder==1.0.0+u.bb71e8f) (3.7.4.3)
2021-02-08 13:37:21,243 > Requirement already satisfied: regex!=2018.11.6 in /home/pi/OctoPrint/venv/lib/python2.7/site-packages (from OctoPrint>1.3.8->Arc-Welder==1.0.0+u.bb71e8f) (2020.11.13)
2021-02-08 13:37:21,243 > Requirement already satisfied: flask<2,>=1.1.2 in /home/pi/OctoPrint/venv/lib/python2.7/site-packages (from OctoPrint>1.3.8->Arc-Welder==1.0.0+u.bb71e8f) (1.1.2)
2021-02-08 13:37:21,243 > Requirement already satisfied: sentry-sdk<1,>=0.15.1 in /home/pi/OctoPrint/venv/lib/python2.7/site-packages (from OctoPrint>1.3.8->Arc-Welder==1.0.0+u.bb71e8f) (0.19.4)
2021-02-08 13:37:21,243 > Requirement already satisfied: watchdog==0.10.4 in /home/pi/OctoPrint/venv/lib/python2.7/site-packages (from OctoPrint>1.3.8->Arc-Welder==1.0.0+u.bb71e8f) (0.10.4)
2021-02-08 13:37:21,243 > Requirement already satisfied: frozendict<2,>=1.2 in /home/pi/OctoPrint/venv/lib/python2.7/site-packages (from OctoPrint>1.3.8->Arc-Welder==1.0.0+u.bb71e8f) (1.2)
2021-02-08 13:37:21,243 > Requirement already satisfied: netaddr<1,>=0.7.19 in /home/pi/OctoPrint/venv/lib/python2.7/site-packages (from OctoPrint>1.3.8->Arc-Welder==1.0.0+u.bb71e8f) (0.8.0)
2021-02-08 13:37:21,244 > Requirement already satisfied: Jinja2<3,>=2.11.2 in /home/pi/OctoPrint/venv/lib/python2.7/site-packages (from OctoPrint>1.3.8->Arc-Welder==1.0.0+u.bb71e8f) (2.11.2)
2021-02-08 13:37:21,244 > Requirement already satisfied: Flask-Login<0.6,>=0.5 in /home/pi/OctoPrint/venv/lib/python2.7/site-packages (from OctoPrint>1.3.8->Arc-Welder==1.0.0+u.bb71e8f) (0.5.0)
2021-02-08 13:37:21,244 > Requirement already satisfied: emoji<1,>=0.5.4 in /home/pi/OctoPrint/venv/lib/python2.7/site-packages (from OctoPrint>1.3.8->Arc-Welder==1.0.0+u.bb71e8f) (0.6.0)
2021-02-08 13:37:21,244 > Requirement already satisfied: requests<3,>=2.23.0 in /home/pi/OctoPrint/venv/lib/python2.7/site-packages (from OctoPrint>1.3.8->Arc-Welder==1.0.0+u.bb71e8f) (2.25.0)
2021-02-08 13:37:21,244 > Requirement already satisfied: Flask-Babel<2,>=1.0 in /home/pi/OctoPrint/venv/lib/python2.7/site-packages (from OctoPrint>1.3.8->Arc-Welder==1.0.0+u.bb71e8f) (1.0.0)
2021-02-08 13:37:21,244 > Requirement already satisfied: websocket-client<1,>=0.57 in /home/pi/OctoPrint/venv/lib/python2.7/site-packages (from OctoPrint>1.3.8->Arc-Welder==1.0.0+u.bb71e8f) (0.57.0)
2021-02-08 13:37:21,245 > Requirement already satisfied: monotonic<2,>=1.5; python_version < "3" in /home/pi/OctoPrint/venv/lib/python2.7/site-packages (from OctoPrint>1.3.8->Arc-Welder==1.0.0+u.bb71e8f) (1.5)
2021-02-08 13:37:21,245 > Requirement already satisfied: enum34<1.2,>=1.1.10; python_version < "3" in /home/pi/OctoPrint/venv/lib/python2.7/site-packages (from OctoPrint>1.3.8->Arc-Welder==1.0.0+u.bb71e8f) (1.1.10)
2021-02-08 13:37:21,245 > Requirement already satisfied: psutil<6,>=5.7 in /home/pi/OctoPrint/venv/lib/python2.7/site-packages (from OctoPrint>1.3.8->Arc-Welder==1.0.0+u.bb71e8f) (5.7.3)
2021-02-08 13:37:21,245 > Requirement already satisfied: webassets>=2.0 in /home/pi/OctoPrint/venv/lib/python2.7/site-packages (from Flask-Assets<3,>=2.0->OctoPrint>1.3.8->Arc-Welder==1.0.0+u.bb71e8f) (2.0)
2021-02-08 13:37:21,245 > Requirement already satisfied: pyasn1>=0.1.3 in /home/pi/OctoPrint/venv/lib/python2.7/site-packages (from rsa==4.0->OctoPrint>1.3.8->Arc-Welder==1.0.0+u.bb71e8f) (0.4.8)
2021-02-08 13:37:21,245 > Requirement already satisfied: singledispatch in /home/pi/OctoPrint/venv/lib/python2.7/site-packages (from tornado==5.1.1->OctoPrint>1.3.8->Arc-Welder==1.0.0+u.bb71e8f) (3.4.0.3)
2021-02-08 13:37:21,246 > Requirement already satisfied: backports-abc>=0.4 in /home/pi/OctoPrint/venv/lib/python2.7/site-packages (from tornado==5.1.1->OctoPrint>1.3.8->Arc-Welder==1.0.0+u.bb71e8f) (0.5)
2021-02-08 13:37:21,246 > Requirement already satisfied: certifi in /home/pi/OctoPrint/venv/lib/python2.7/site-packages (from sentry-sdk<1,>=0.15.1->OctoPrint>1.3.8->Arc-Welder==1.0.0+u.bb71e8f) (2020.12.5)
2021-02-08 13:37:21,246 > Requirement already satisfied: urllib3>=1.10.0 in /home/pi/OctoPrint/venv/lib/python2.7/site-packages (from sentry-sdk<1,>=0.15.1->OctoPrint>1.3.8->Arc-Welder==1.0.0+u.bb71e8f) (1.26.2)
2021-02-08 13:37:21,246 > Requirement already satisfied: pathtools>=0.1.1 in /home/pi/OctoPrint/venv/lib/python2.7/site-packages (from watchdog==0.10.4->OctoPrint>1.3.8->Arc-Welder==1.0.0+u.bb71e8f) (0.1.2)
2021-02-08 13:37:21,246 > Requirement already satisfied: importlib-resources; python_version < "3.7" in /home/pi/OctoPrint/venv/lib/python2.7/site-packages (from netaddr<1,>=0.7.19->OctoPrint>1.3.8->Arc-Welder==1.0.0+u.bb71e8f) (3.3.0)
2021-02-08 13:37:21,246 > Requirement already satisfied: chardet<4,>=3.0.2 in /home/pi/OctoPrint/venv/lib/python2.7/site-packages (from requests<3,>=2.23.0->OctoPrint>1.3.8->Arc-Welder==1.0.0+u.bb71e8f) (3.0.4)
2021-02-08 13:37:21,247 > Requirement already satisfied: idna<3,>=2.5 in /home/pi/OctoPrint/venv/lib/python2.7/site-packages (from requests<3,>=2.23.0->OctoPrint>1.3.8->Arc-Welder==1.0.0+u.bb71e8f) (2.10)
2021-02-08 13:37:21,247 > Requirement already satisfied: Babel>=2.3 in /home/pi/OctoPrint/venv/lib/python2.7/site-packages (from Flask-Babel<2,>=1.0->OctoPrint>1.3.8->Arc-Welder==1.0.0+u.bb71e8f) (2.9.0)
2021-02-08 13:37:21,247 > Requirement already satisfied: pytz in /home/pi/OctoPrint/venv/lib/python2.7/site-packages (from Flask-Babel<2,>=1.0->OctoPrint>1.3.8->Arc-Welder==1.0.0+u.bb71e8f) (2020.4)
2021-02-08 13:37:21,247 > Requirement already satisfied: contextlib2; python_version < "3" in /home/pi/OctoPrint/venv/lib/python2.7/site-packages (from importlib-resources; python_version < "3.7"->netaddr<1,>=0.7.19->OctoPrint>1.3.8->Arc-Welder==1.0.0+u.bb71e8f) (0.6.0.post1)
2021-02-08 13:37:21,247 > Requirement already satisfied: pathlib2; python_version < "3" in /home/pi/OctoPrint/venv/lib/python2.7/site-packages (from importlib-resources; python_version < "3.7"->netaddr<1,>=0.7.19->OctoPrint>1.3.8->Arc-Welder==1.0.0+u.bb71e8f) (2.3.5)
2021-02-08 13:37:21,247 > Requirement already satisfied: zipp>=0.4; python_version < "3.8" in /home/pi/OctoPrint/venv/lib/python2.7/site-packages (from importlib-resources; python_version < "3.7"->netaddr<1,>=0.7.19->OctoPrint>1.3.8->Arc-Welder==1.0.0+u.bb71e8f) (1.2.0)
2021-02-08 13:37:21,248 > Building wheels for collected packages: Arc-Welder
2021-02-08 13:37:21,248 > Building wheel for Arc-Welder (setup.py): started
2021-02-08 13:38:21,546 > Building wheel for Arc-Welder (setup.py): still running...
2021-02-08 13:38:55,878 > Building wheel for Arc-Welder (setup.py): finished with status 'done'
2021-02-08 13:38:55,880 > Created wheel for Arc-Welder: filename=Arc_Welder-1.0.0+u.bb71e8f-cp27-cp27mu-linux_armv7l.whl size=1398060 sha256=5cab3f8210069ba5b48be8743896c4de9b2621f55ed109dc7e8286fc0fac303e
2021-02-08 13:38:55,881 > Stored in directory: /tmp/pip-ephem-wheel-cache-c14CGQ/wheels/57/35/cd/3aa8d3a8d5de99a72d17dc8d186e36eb6f41d07723fcb24d84
2021-02-08 13:38:55,883 > Successfully built Arc-Welder
2021-02-08 13:38:55,883 > Installing collected packages: Arc-Welder
2021-02-08 13:38:57,386 > Successfully installed Arc-Welder-1.0.0+u.bb71e8f
